This is pdfTeX, Version 3.141592653-2.6-1.40.24 (MiKTeX 22.1) (preloaded format=pdflatex 2024.3.24)  31 MAR 2024 12:28
entering extended mode
 restricted \write18 enabled.
 %&-line parsing enabled.
**./tex/2024-02-24.tex
(tex/2024-02-24.tex
LaTeX2e <2023-11-01> patch level 1
L3 programming layer <2024-03-14>
(/Library/Application Support/MiKTeX/texmfs/install/tex/latex/base/article.cls
Document Class: article 2023/05/17 v1.4n Standard LaTeX document class
(/Library/Application Support/MiKTeX/texmfs/install/tex/latex/base/size10.clo
File: size10.clo 2023/05/17 v1.4n Standard LaTeX file (size option)
)
\c@part=\count188
\c@section=\count189
\c@subsection=\count190
\c@subsubsection=\count191
\c@paragraph=\count192
\c@subparagraph=\count193
\c@figure=\count194
\c@table=\count195
\abovecaptionskip=\skip48
\belowcaptionskip=\skip49
\bibindent=\dimen140
)
(/Library/Application Support/MiKTeX/texmfs/install/tex/latex/base/inputenc.sty
Package: inputenc 2021/02/14 v1.3d Input encoding file
\inpenc@prehook=\toks17
\inpenc@posthook=\toks18
)
(/Library/Application Support/MiKTeX/texmfs/install/tex/latex/graphics/graphicx
.sty
Package: graphicx 2021/09/16 v1.2d Enhanced LaTeX Graphics (DPC,SPQR)

(/Library/Application Support/MiKTeX/texmfs/install/tex/latex/graphics/keyval.s
ty
Package: keyval 2022/05/29 v1.15 key=value parser (DPC)
\KV@toks@=\toks19
)
(/Library/Application Support/MiKTeX/texmfs/install/tex/latex/graphics/graphics
.sty
Package: graphics 2022/03/10 v1.4e Standard LaTeX Graphics (DPC,SPQR)

(/Library/Application Support/MiKTeX/texmfs/install/tex/latex/graphics/trig.sty
Package: trig 2021/08/11 v1.11 sin cos tan (DPC)
)
(/Library/Application Support/MiKTeX/texmfs/install/tex/latex/graphics-cfg/grap
hics.cfg
File: graphics.cfg 2016/06/04 v1.11 sample graphics configuration
)
Package graphics Info: Driver file: pdftex.def on input line 107.

(/Library/Application Support/MiKTeX/texmfs/install/tex/latex/graphics-def/pdft
ex.def
File: pdftex.def 2022/09/22 v1.2b Graphics/color driver for pdftex
))
\Gin@req@height=\dimen141
\Gin@req@width=\dimen142
)
(/Users/mentxaka/Library/Application Support/MiKTeX/texmfs/install/tex/latex/ge
ometry/geometry.sty
Package: geometry 2020/01/02 v5.9 Page Geometry

(/Library/Application Support/MiKTeX/texmfs/install/tex/generic/iftex/ifvtex.st
y
Package: ifvtex 2019/10/25 v1.7 ifvtex legacy package. Use iftex instead.

(/Library/Application Support/MiKTeX/texmfs/install/tex/generic/iftex/iftex.sty
Package: iftex 2022/02/03 v1.0f TeX engine tests
))
\Gm@cnth=\count196
\Gm@cntv=\count197
\c@Gm@tempcnt=\count198
\Gm@bindingoffset=\dimen143
\Gm@wd@mp=\dimen144
\Gm@odd@mp=\dimen145
\Gm@even@mp=\dimen146
\Gm@layoutwidth=\dimen147
\Gm@layoutheight=\dimen148
\Gm@layouthoffset=\dimen149
\Gm@layoutvoffset=\dimen150
\Gm@dimlist=\toks20

(/Users/mentxaka/Library/Application Support/MiKTeX/texmfs/install/tex/latex/ge
ometry/geometry.cfg))
(/Library/Application Support/MiKTeX/texmfs/install/tex/latex/tools/multicol.st
y
Package: multicol 2023/03/30 v1.9f multicolumn formatting (FMi)
\c@tracingmulticols=\count199
\mult@box=\box51
\multicol@leftmargin=\dimen151
\c@unbalance=\count266
\c@collectmore=\count267
\doublecol@number=\count268
\multicoltolerance=\count269
\multicolpretolerance=\count270
\full@width=\dimen152
\page@free=\dimen153
\premulticols=\dimen154
\postmulticols=\dimen155
\multicolsep=\skip50
\multicolbaselineskip=\skip51
\partial@page=\box52
\last@line=\box53
\mc@boxedresult=\box54
\maxbalancingoverflow=\dimen156
\mult@rightbox=\box55
\mult@grightbox=\box56
\mult@firstbox=\box57
\mult@gfirstbox=\box58
\@tempa=\box59
\@tempa=\box60
\@tempa=\box61
\@tempa=\box62
\@tempa=\box63
\@tempa=\box64
\@tempa=\box65
\@tempa=\box66
\@tempa=\box67
\@tempa=\box68
\@tempa=\box69
\@tempa=\box70
\@tempa=\box71
\@tempa=\box72
\@tempa=\box73
\@tempa=\box74
\@tempa=\box75
\@tempa=\box76
\@tempa=\box77
\@tempa=\box78
\@tempa=\box79
\@tempa=\box80
\@tempa=\box81
\@tempa=\box82
\@tempa=\box83
\@tempa=\box84
\@tempa=\box85
\@tempa=\box86
\@tempa=\box87
\@tempa=\box88
\@tempa=\box89
\@tempa=\box90
\@tempa=\box91
\@tempa=\box92
\@tempa=\box93
\@tempa=\box94
\c@minrows=\count271
\c@columnbadness=\count272
\c@finalcolumnbadness=\count273
\last@try=\dimen157
\multicolovershoot=\dimen158
\multicolundershoot=\dimen159
\mult@nat@firstbox=\box95
\colbreak@box=\box96
\mc@col@check@num=\count274
)
(/Library/Application Support/MiKTeX/texmfs/install/tex/latex/l3backend/l3backe
nd-pdftex.def
File: l3backend-pdftex.def 2024-03-14 L3 backend support: PDF output (pdfTeX)
\l__color_backend_stack_int=\count275
\l__pdf_internal_box=\box97
)
No file 2024-02-24.aux.
\openout1 = `2024-02-24.aux'.

LaTeX Font Info:    Checking defaults for OML/cmm/m/it on input line 17.
LaTeX Font Info:    ... okay on input line 17.
LaTeX Font Info:    Checking defaults for OMS/cmsy/m/n on input line 17.
LaTeX Font Info:    ... okay on input line 17.
LaTeX Font Info:    Checking defaults for OT1/cmr/m/n on input line 17.
LaTeX Font Info:    ... okay on input line 17.
LaTeX Font Info:    Checking defaults for T1/cmr/m/n on input line 17.
LaTeX Font Info:    ... okay on input line 17.
LaTeX Font Info:    Checking defaults for TS1/cmr/m/n on input line 17.
LaTeX Font Info:    ... okay on input line 17.
LaTeX Font Info:    Checking defaults for OMX/cmex/m/n on input line 17.
LaTeX Font Info:    ... okay on input line 17.
LaTeX Font Info:    Checking defaults for U/cmr/m/n on input line 17.
LaTeX Font Info:    ... okay on input line 17.

(/Library/Application Support/MiKTeX/texmfs/install/tex/context/base/mkii/supp-
pdf.mkii
[Loading MPS to PDF converter (version 2006.09.02).]
\scratchcounter=\count276
\scratchdimen=\dimen160
\scratchbox=\box98
\nofMPsegments=\count277
\nofMParguments=\count278
\everyMPshowfont=\toks21
\MPscratchCnt=\count279
\MPscratchDim=\dimen161
\MPnumerator=\count280
\makeMPintoPDFobject=\count281
\everyMPtoPDFconversion=\toks22
)
(/Library/Application Support/MiKTeX/texmfs/install/tex/latex/epstopdf-pkg/epst
opdf-base.sty
Package: epstopdf-base 2020-01-24 v2.11 Base part for package epstopdf
Package epstopdf-base Info: Redefining graphics rule for `.eps' on input line 4
85.

(/Library/Application Support/MiKTeX/texmfs/install/tex/latex/00miktex/epstopdf
-sys.cfg
File: epstopdf-sys.cfg 2021/03/18 v2.0 Configuration of epstopdf for MiKTeX
))
*geometry* driver: auto-detecting
*geometry* detected driver: pdftex
*geometry* verbose mode - [ preamble ] result:
* driver: pdftex
* paper: a4paper
* layout: <same size as paper>
* layoutoffset:(h,v)=(0.0pt,0.0pt)
* modes: 
* h-part:(L,W,R)=(56.9055pt, 483.69684pt, 56.90553pt)
* v-part:(T,H,B)=(28.45274pt, 731.23582pt, 85.35828pt)
* \paperwidth=597.50787pt
* \paperheight=845.04684pt
* \textwidth=483.69684pt
* \textheight=731.23582pt
* \oddsidemargin=-15.36449pt
* \evensidemargin=-15.36449pt
* \topmargin=-80.81725pt
* \headheight=12.0pt
* \headsep=25.0pt
* \topskip=10.0pt
* \footskip=30.0pt
* \marginparwidth=65.0pt
* \marginparsep=11.0pt
* \columnsep=10.0pt
* \skip\footins=9.0pt plus 4.0pt minus 2.0pt
* \hoffset=0.0pt
* \voffset=0.0pt
* \mag=1000
* \@twocolumnfalse
* \@twosidefalse
* \@mparswitchfalse
* \@reversemarginfalse
* (1in=72.27pt=25.4mm, 1cm=28.453pt)

<tex/media/logo.png, id=1, 114.4275pt x 74.2775pt>
File: tex/media/logo.png Graphic file (type png)
<use tex/media/logo.png>
Package pdftex.def Info: tex/media/logo.png  used on input line 21.
(pdftex.def)             Requested size: 42.67912pt x 27.70325pt.
<tex/media/gender.png, id=3, 803.0pt x 401.5pt>
File: tex/media/gender.png Graphic file (type png)
<use tex/media/gender.png>
Package pdftex.def Info: tex/media/gender.png  used on input line 49.
(pdftex.def)             Requested size: 227.62204pt x 113.80992pt.
<tex/media/foreign.png, id=4, 401.5pt x 401.5pt>
File: tex/media/foreign.png Graphic file (type png)
<use tex/media/foreign.png>
Package pdftex.def Info: tex/media/foreign.png  used on input line 61.
(pdftex.def)             Requested size: 227.62204pt x 227.62596pt.
<tex/media/jobs.png, id=5, 602.25pt x 401.5pt>
File: tex/media/jobs.png Graphic file (type png)
<use tex/media/jobs.png>
Package pdftex.def Info: tex/media/jobs.png  used on input line 71.
(pdftex.def)             Requested size: 227.62204pt x 151.75064pt.
[1

{/Users/mentxaka/Library/Application Support/MiKTeX/texmfs/data/fonts/map/pdfte
x/pdftex.map} <./tex/media/logo.png> <./tex/media/gender.png> <./tex/media/fore
ign.png>]
<tex/media/marital.png, id=18, 602.25pt x 401.5pt>
File: tex/media/marital.png Graphic file (type png)
<use tex/media/marital.png>
Package pdftex.def Info: tex/media/marital.png  used on input line 80.
(pdftex.def)             Requested size: 227.62204pt x 151.75064pt.
<tex/media/sequence.png, id=19, 803.0pt x 401.5pt>
File: tex/media/sequence.png Graphic file (type png)
<use tex/media/sequence.png>
Package pdftex.def Info: tex/media/sequence.png  used on input line 90.
(pdftex.def)             Requested size: 455.24408pt x 227.62596pt.
 [2 <./tex/media/jobs.png> <./tex/media/marital.png> <./tex/media/sequence.png>
]
(/Users/mentxaka/Github/TFM-XAIpipeline/src/Product/pdf/2024-02-24.aux)
 ***********
LaTeX2e <2023-11-01> patch level 1
L3 programming layer <2024-03-14>
 ***********
 ) 
Here is how much of TeX's memory you used:
 2055 strings out of 476358
 35016 string characters out of 2792211
 1935493 words of memory out of 3000000
 24180 multiletter control sequences out of 15000+600000
 560478 words of font info for 44 fonts, out of 8000000 for 9000
 0 hyphenation exceptions out of 8191
 57i,5n,65p,650b,305s stack positions out of 5000i,500n,10000p,200000b,80000s
</Library/Application Support/MiKTeX/texmfs/install/fonts/type1/public/amsfon
ts/cm/cmbx10.pfb></Library/Application Support/MiKTeX/texmfs/install/fonts/type
1/public/amsfonts/cm/cmbx12.pfb></Library/Application Support/MiKTeX/texmfs/ins
tall/fonts/type1/public/amsfonts/cm/cmcsc10.pfb></Library/Application Support/M
iKTeX/texmfs/install/fonts/type1/public/amsfonts/cm/cmr10.pfb></Library/Applica
tion Support/MiKTeX/texmfs/install/fonts/type1/public/amsfonts/cm/cmr12.pfb></L
ibrary/Application Support/MiKTeX/texmfs/install/fonts/type1/public/amsfonts/cm
/cmr17.pfb></Library/Application Support/MiKTeX/texmfs/install/fonts/type1/publ
ic/amsfonts/cm/cmr9.pfb>
Output written on /Users/mentxaka/Github/TFM-XAIpipeline/src/Product/pdf/2024-0
2-24.pdf (2 pages, 195857 bytes).
PDF statistics:
 57 PDF objects out of 1000 (max. 8388607)
 0 named destinations out of 1000 (max. 500000)
 31 words of extra memory for PDF output out of 10000 (max. 10000000)

